# JRE version: Java(TM) SE Runtime Environment (8.0_45-b14) (build 1.8.0_45-b14)
# Java VM: Java HotSpot(TM) 64-Bit Server VM (25.45-b02 mixed mode bsd-amd64 compressed oops)
Heap:
 PSYoungGen      total 428544K, used 383878K [0x000000076ab00000, 0x0000000786f80000, 0x00000007c0000000)
  eden space 418816K, 89% used [0x000000076ab00000,0x0000000781868d90,0x0000000784400000)
  from space 9728K, 99% used [0x0000000785380000,0x0000000785cf8cc8,0x0000000785d00000)
  to   space 15872K, 0% used [0x0000000784400000,0x0000000784400000,0x0000000785380000)
 ParOldGen       total 213504K, used 34884K [0x00000006c0000000, 0x00000006cd080000, 0x000000076ab00000)
  object space 213504K, 16% used [0x00000006c0000000,0x00000006c22111c8,0x00000006cd080000)
 Metaspace       used 47865K, capacity 68682K, committed 68992K, reserved 1099776K
  class space    used 12058K, capacity 18479K, committed 18560K, reserved 1048576K
GC Heap History (10 events):
Event: 183.574 GC heap before
{Heap before GC invocations=17 (full 3):
 PSYoungGen      total 338432K, used 5329K [0x000000076ab00000, 0x0000000780e80000, 0x00000007c0000000)
  eden space 328192K, 0% used [0x000000076ab00000,0x000000076ab00000,0x000000077eb80000)
  from space 10240K, 52% used [0x000000077f500000,0x000000077fa34560,0x000000077ff00000)
  to   space 9728K, 0% used [0x000000077eb80000,0x000000077eb80000,0x000000077f500000)
 ParOldGen       total 153600K, used 17634K [0x00000006c0000000, 0x00000006c9600000, 0x000000076ab00000)
  object space 153600K, 11% used [0x00000006c0000000,0x00000006c1138ac0,0x00000006c9600000)
 Metaspace       used 41943K, capacity 59102K, committed 59160K, reserved 1093632K
  class space    used 10824K, capacity 15944K, committed 16000K, reserved 1048576K
Event: 183.800 GC heap after
Heap after GC invocations=17 (full 3):
 PSYoungGen      total 338432K, used 0K [0x000000076ab00000, 0x0000000780e80000, 0x00000007c0000000)
  eden space 328192K, 0% used [0x000000076ab00000,0x000000076ab00000,0x000000077eb80000)
  from space 10240K, 0% used [0x000000077f500000,0x000000077f500000,0x000000077ff00000)
  to   space 9728K, 0% used [0x000000077eb80000,0x000000077eb80000,0x000000077f500000)
 ParOldGen       total 213504K, used 22310K [0x00000006c0000000, 0x00000006cd080000, 0x000000076ab00000)
  object space 213504K, 10% used [0x00000006c0000000,0x00000006c15c9990,0x00000006cd080000)
 Metaspace       used 41937K, capacity 59090K, committed 59160K, reserved 1093632K
  class space    used 10821K, capacity 15940K, committed 16000K, reserved 1048576K
}
Event: 184.792 GC heap before
{Heap before GC invocations=18 (full 3):
 PSYoungGen      total 338432K, used 328192K [0x000000076ab00000, 0x0000000780e80000, 0x00000007c0000000)
  eden space 328192K, 100% used [0x000000076ab00000,0x000000077eb80000,0x000000077eb80000)
  from space 10240K, 0% used [0x000000077f500000,0x000000077f500000,0x000000077ff00000)
  to   space 9728K, 0% used [0x000000077eb80000,0x000000077eb80000,0x000000077f500000)
 ParOldGen       total 213504K, used 22310K [0x00000006c0000000, 0x00000006cd080000, 0x000000076ab00000)
  object space 213504K, 10% used [0x00000006c0000000,0x00000006c15c9990,0x00000006cd080000)
 Metaspace       used 43322K, capacity 61248K, committed 61336K, reserved 1093632K
  class space    used 11034K, capacity 16362K, committed 16384K, reserved 1048576K
Event: 184.794 GC heap after
Heap after GC invocations=18 (full 3):
 PSYoungGen      total 337920K, used 1408K [0x000000076ab00000, 0x0000000783e80000, 0x00000007c0000000)
  eden space 328192K, 0% used [0x000000076ab00000,0x000000076ab00000,0x000000077eb80000)
  from space 9728K, 14% used [0x000000077eb80000,0x000000077ece0000,0x000000077f500000)
  to   space 10240K, 0% used [0x0000000783480000,0x0000000783480000,0x0000000783e80000)
 ParOldGen       total 213504K, used 22318K [0x00000006c0000000, 0x00000006cd080000, 0x000000076ab00000)
  object space 213504K, 10% used [0x00000006c0000000,0x00000006c15cb990,0x00000006cd080000)
 Metaspace       used 43322K, capacity 61248K, committed 61336K, reserved 1093632K
  class space    used 11034K, capacity 16362K, committed 16384K, reserved 1048576K
}
Event: 185.288 GC heap before
{Heap before GC invocations=19 (full 3):
 PSYoungGen      total 337920K, used 329600K [0x000000076ab00000, 0x0000000783e80000, 0x00000007c0000000)
  eden space 328192K, 100% used [0x000000076ab00000,0x000000077eb80000,0x000000077eb80000)
  from space 9728K, 14% used [0x000000077eb80000,0x000000077ece0000,0x000000077f500000)
  to   space 10240K, 0% used [0x0000000783480000,0x0000000783480000,0x0000000783e80000)
 ParOldGen       total 213504K, used 22318K [0x00000006c0000000, 0x00000006cd080000, 0x000000076ab00000)
  object space 213504K, 10% used [0x00000006c0000000,0x00000006c15cb990,0x00000006cd080000)
 Metaspace       used 44419K, capacity 62764K, committed 63104K, reserved 1095680K
  class space    used 11191K, capacity 16670K, committed 16768K, reserved 1048576K
Event: 185.290 GC heap after
Heap after GC invocations=19 (full 3):
 PSYoungGen      total 388608K, used 1728K [0x000000076ab00000, 0x0000000783780000, 0x00000007c0000000)
  eden space 385536K, 0% used [0x000000076ab00000,0x000000076ab00000,0x0000000782380000)
  from space 3072K, 56% used [0x0000000783480000,0x0000000783630000,0x0000000783780000)
  to   space 10240K, 0% used [0x0000000782380000,0x0000000782380000,0x0000000782d80000)
 ParOldGen       total 213504K, used 22318K [0x00000006c0000000, 0x00000006cd080000, 0x000000076ab00000)
  object space 213504K, 10% used [0x00000006c0000000,0x00000006c15cb990,0x00000006cd080000)
 Metaspace       used 44419K, capacity 62764K, committed 63104K, reserved 1095680K
  class space    used 11191K, capacity 16670K, committed 16768K, reserved 1048576K
}
Event: 186.141 GC heap before
{Heap before GC invocations=20 (full 3):
 PSYoungGen      total 388608K, used 387264K [0x000000076ab00000, 0x0000000783780000, 0x00000007c0000000)
  eden space 385536K, 100% used [0x000000076ab00000,0x0000000782380000,0x0000000782380000)
  from space 3072K, 56% used [0x0000000783480000,0x0000000783630000,0x0000000783780000)
  to   space 10240K, 0% used [0x0000000782380000,0x0000000782380000,0x0000000782d80000)
 ParOldGen       total 213504K, used 22318K [0x00000006c0000000, 0x00000006cd080000, 0x000000076ab00000)
  object space 213504K, 10% used [0x00000006c0000000,0x00000006c15cb990,0x00000006cd080000)
 Metaspace       used 45952K, capacity 65368K, committed 65664K, reserved 1097728K
  class space    used 11481K, capacity 17413K, committed 17536K, reserved 1048576K
Event: 186.144 GC heap after
Heap after GC invocations=20 (full 3):
 PSYoungGen      total 395776K, used 4436K [0x000000076ab00000, 0x0000000785d00000, 0x00000007c0000000)
  eden space 385536K, 0% used [0x000000076ab00000,0x000000076ab00000,0x0000000782380000)
  from space 10240K, 43% used [0x0000000782380000,0x00000007827d5108,0x0000000782d80000)
  to   space 9728K, 0% used [0x0000000785380000,0x0000000785380000,0x0000000785d00000)
 ParOldGen       total 213504K, used 22326K [0x00000006c0000000, 0x00000006cd080000, 0x000000076ab00000)
  object space 213504K, 10% used [0x00000006c0000000,0x00000006c15cd990,0x00000006cd080000)
 Metaspace       used 45952K, capacity 65368K, committed 65664K, reserved 1097728K
  class space    used 11481K, capacity 17413K, committed 17536K, reserved 1048576K
}
Event: 187.214 GC heap before
{Heap before GC invocations=21 (full 3):
 PSYoungGen      total 395776K, used 389972K [0x000000076ab00000, 0x0000000785d00000, 0x00000007c0000000)
  eden space 385536K, 100% used [0x000000076ab00000,0x0000000782380000,0x0000000782380000)
  from space 10240K, 43% used [0x0000000782380000,0x00000007827d5108,0x0000000782d80000)
  to   space 9728K, 0% used [0x0000000785380000,0x0000000785380000,0x0000000785d00000)
 ParOldGen       total 213504K, used 22326K [0x00000006c0000000, 0x00000006cd080000, 0x000000076ab00000)
  object space 213504K, 10% used [0x00000006c0000000,0x00000006c15cd990,0x00000006cd080000)
 Metaspace       used 46559K, capacity 66386K, committed 66560K, reserved 1097728K
  class space    used 11685K, capacity 17795K, committed 17920K, reserved 1048576K
Event: 187.231 GC heap after
Heap after GC invocations=21 (full 3):
 PSYoungGen      total 428544K, used 9699K [0x000000076ab00000, 0x0000000786f80000, 0x00000007c0000000)
  eden space 418816K, 0% used [0x000000076ab00000,0x000000076ab00000,0x0000000784400000)
  from space 9728K, 99% used [0x0000000785380000,0x0000000785cf8cc8,0x0000000785d00000)
  to   space 15872K, 0% used [0x0000000784400000,0x0000000784400000,0x0000000785380000)
 ParOldGen       total 213504K, used 34884K [0x00000006c0000000, 0x00000006cd080000, 0x000000076ab00000)
  object space 213504K, 16% used [0x00000006c0000000,0x00000006c22111c8,0x00000006cd080000)
 Metaspace       used 46559K, capacity 66386K, committed 66560K, reserved 1097728K
  class space    used 11685K, capacity 17795K, committed 17920K, reserved 1048576K
}

