# JRE version: Java(TM) SE Runtime Environment (8.0_45-b14) (build 1.8.0_45-b14)
# Java VM: Java HotSpot(TM) 64-Bit Server VM (25.45-b02 mixed mode bsd-amd64 compressed oops)
Heap:
 PSYoungGen      total 436224K, used 171825K [0x000000076ab00000, 0x0000000788000000, 0x00000007c0000000)
  eden space 424960K, 38% used [0x000000076ab00000,0x0000000774c19660,0x0000000784a00000)
  from space 11264K, 60% used [0x0000000785500000,0x0000000785bb3060,0x0000000786000000)
  to   space 11264K, 0% used [0x0000000784a00000,0x0000000784a00000,0x0000000785500000)
 ParOldGen       total 239616K, used 22405K [0x00000006c0000000, 0x00000006cea00000, 0x000000076ab00000)
  object space 239616K, 9% used [0x00000006c0000000,0x00000006c15e1590,0x00000006cea00000)
 Metaspace       used 47700K, capacity 68374K, committed 68608K, reserved 1099776K
  class space    used 12015K, capacity 18387K, committed 18432K, reserved 1048576K
GC Heap History (10 events):
Event: 11.421 GC heap before
{Heap before GC invocations=13 (full 2):
 PSYoungGen      total 352256K, used 301708K [0x000000076ab00000, 0x0000000780d80000, 0x00000007c0000000)
  eden space 342016K, 86% used [0x000000076ab00000,0x000000077cb7d910,0x000000077f900000)
  from space 10240K, 61% used [0x0000000780300000,0x0000000780925718,0x0000000780d00000)
  to   space 10240K, 0% used [0x000000077f900000,0x000000077f900000,0x0000000780300000)
 ParOldGen       total 163328K, used 15075K [0x00000006c0000000, 0x00000006c9f80000, 0x000000076ab00000)
  object space 163328K, 9% used [0x00000006c0000000,0x00000006c0eb8ec8,0x00000006c9f80000)
 Metaspace       used 41942K, capacity 59102K, committed 59160K, reserved 1093632K
  class space    used 10824K, capacity 15944K, committed 16000K, reserved 1048576K
Event: 11.427 GC heap after
Heap after GC invocations=13 (full 2):
 PSYoungGen      total 352256K, used 7886K [0x000000076ab00000, 0x0000000786180000, 0x00000007c0000000)
  eden space 342016K, 0% used [0x000000076ab00000,0x000000076ab00000,0x000000077f900000)
  from space 10240K, 77% used [0x000000077f900000,0x00000007800b39e8,0x0000000780300000)
  to   space 10240K, 0% used [0x0000000785780000,0x0000000785780000,0x0000000786180000)
 ParOldGen       total 163328K, used 15083K [0x00000006c0000000, 0x00000006c9f80000, 0x000000076ab00000)
  object space 163328K, 9% used [0x00000006c0000000,0x00000006c0ebaec8,0x00000006c9f80000)
 Metaspace       used 41942K, capacity 59102K, committed 59160K, reserved 1093632K
  class space    used 10824K, capacity 15944K, committed 16000K, reserved 1048576K
}
Event: 11.427 GC heap before
{Heap before GC invocations=14 (full 3):
 PSYoungGen      total 352256K, used 7886K [0x000000076ab00000, 0x0000000786180000, 0x00000007c0000000)
  eden space 342016K, 0% used [0x000000076ab00000,0x000000076ab00000,0x000000077f900000)
  from space 10240K, 77% used [0x000000077f900000,0x00000007800b39e8,0x0000000780300000)
  to   space 10240K, 0% used [0x0000000785780000,0x0000000785780000,0x0000000786180000)
 ParOldGen       total 163328K, used 15083K [0x00000006c0000000, 0x00000006c9f80000, 0x000000076ab00000)
  object space 163328K, 9% used [0x00000006c0000000,0x00000006c0ebaec8,0x00000006c9f80000)
 Metaspace       used 41942K, capacity 59102K, committed 59160K, reserved 1093632K
  class space    used 10824K, capacity 15944K, committed 16000K, reserved 1048576K
Event: 11.627 GC heap after
Heap after GC invocations=14 (full 3):
 PSYoungGen      total 352256K, used 0K [0x000000076ab00000, 0x0000000786180000, 0x00000007c0000000)
  eden space 342016K, 0% used [0x000000076ab00000,0x000000076ab00000,0x000000077f900000)
  from space 10240K, 0% used [0x000000077f900000,0x000000077f900000,0x0000000780300000)
  to   space 10240K, 0% used [0x0000000785780000,0x0000000785780000,0x0000000786180000)
 ParOldGen       total 239616K, used 22397K [0x00000006c0000000, 0x00000006cea00000, 0x000000076ab00000)
  object space 239616K, 9% used [0x00000006c0000000,0x00000006c15df590,0x00000006cea00000)
 Metaspace       used 41935K, capacity 59090K, committed 59160K, reserved 1093632K
  class space    used 10821K, capacity 15940K, committed 16000K, reserved 1048576K
}
Event: 12.340 GC heap before
{Heap before GC invocations=15 (full 3):
 PSYoungGen      total 352256K, used 342016K [0x000000076ab00000, 0x0000000786180000, 0x00000007c0000000)
  eden space 342016K, 100% used [0x000000076ab00000,0x000000077f900000,0x000000077f900000)
  from space 10240K, 0% used [0x000000077f900000,0x000000077f900000,0x0000000780300000)
  to   space 10240K, 0% used [0x0000000785780000,0x0000000785780000,0x0000000786180000)
 ParOldGen       total 239616K, used 22397K [0x00000006c0000000, 0x00000006cea00000, 0x000000076ab00000)
  object space 239616K, 9% used [0x00000006c0000000,0x00000006c15df590,0x00000006cea00000)
 Metaspace       used 43319K, capacity 61248K, committed 61336K, reserved 1093632K
  class space    used 11034K, capacity 16362K, committed 16384K, reserved 1048576K
Event: 12.342 GC heap after
Heap after GC invocations=15 (full 3):
 PSYoungGen      total 384512K, used 1824K [0x000000076ab00000, 0x0000000785980000, 0x00000007c0000000)
  eden space 382464K, 0% used [0x000000076ab00000,0x000000076ab00000,0x0000000782080000)
  from space 2048K, 89% used [0x0000000785780000,0x0000000785948000,0x0000000785980000)
  to   space 10752K, 0% used [0x0000000784480000,0x0000000784480000,0x0000000784f00000)
 ParOldGen       total 239616K, used 22405K [0x00000006c0000000, 0x00000006cea00000, 0x000000076ab00000)
  object space 239616K, 9% used [0x00000006c0000000,0x00000006c15e1590,0x00000006cea00000)
 Metaspace       used 43319K, capacity 61248K, committed 61336K, reserved 1093632K
  class space    used 11034K, capacity 16362K, committed 16384K, reserved 1048576K
}
Event: 12.864 GC heap before
{Heap before GC invocations=16 (full 3):
 PSYoungGen      total 384512K, used 384288K [0x000000076ab00000, 0x0000000785980000, 0x00000007c0000000)
  eden space 382464K, 100% used [0x000000076ab00000,0x0000000782080000,0x0000000782080000)
  from space 2048K, 89% used [0x0000000785780000,0x0000000785948000,0x0000000785980000)
  to   space 10752K, 0% used [0x0000000784480000,0x0000000784480000,0x0000000784f00000)
 ParOldGen       total 239616K, used 22405K [0x00000006c0000000, 0x00000006cea00000, 0x000000076ab00000)
  object space 239616K, 9% used [0x00000006c0000000,0x00000006c15e1590,0x00000006cea00000)
 Metaspace       used 44739K, capacity 63308K, committed 63488K, reserved 1095680K
  class space    used 11228K, capacity 16806K, committed 16896K, reserved 1048576K
Event: 12.867 GC heap after
Heap after GC invocations=16 (full 3):
 PSYoungGen      total 430080K, used 1120K [0x000000076ab00000, 0x0000000786000000, 0x00000007c0000000)
  eden space 419328K, 0% used [0x000000076ab00000,0x000000076ab00000,0x0000000784480000)
  from space 10752K, 10% used [0x0000000784480000,0x0000000784598000,0x0000000784f00000)
  to   space 11264K, 0% used [0x0000000785500000,0x0000000785500000,0x0000000786000000)
 ParOldGen       total 239616K, used 22405K [0x00000006c0000000, 0x00000006cea00000, 0x000000076ab00000)
  object space 239616K, 9% used [0x00000006c0000000,0x00000006c15e1590,0x00000006cea00000)
 Metaspace       used 44739K, capacity 63308K, committed 63488K, reserved 1095680K
  class space    used 11228K, capacity 16806K, committed 16896K, reserved 1048576K
}
Event: 16.811 GC heap before
{Heap before GC invocations=17 (full 3):
 PSYoungGen      total 430080K, used 420448K [0x000000076ab00000, 0x0000000786000000, 0x00000007c0000000)
  eden space 419328K, 100% used [0x000000076ab00000,0x0000000784480000,0x0000000784480000)
  from space 10752K, 10% used [0x0000000784480000,0x0000000784598000,0x0000000784f00000)
  to   space 11264K, 0% used [0x0000000785500000,0x0000000785500000,0x0000000786000000)
 ParOldGen       total 239616K, used 22405K [0x00000006c0000000, 0x00000006cea00000, 0x000000076ab00000)
  object space 239616K, 9% used [0x00000006c0000000,0x00000006c15e1590,0x00000006cea00000)
 Metaspace       used 46830K, capacity 66860K, committed 66944K, reserved 1097728K
  class space    used 11810K, capacity 17989K, committed 18048K, reserved 1048576K
Event: 16.815 GC heap after
Heap after GC invocations=17 (full 3):
 PSYoungGen      total 436224K, used 6860K [0x000000076ab00000, 0x0000000788000000, 0x00000007c0000000)
  eden space 424960K, 0% used [0x000000076ab00000,0x000000076ab00000,0x0000000784a00000)
  from space 11264K, 60% used [0x0000000785500000,0x0000000785bb3060,0x0000000786000000)
  to   space 11264K, 0% used [0x0000000784a00000,0x0000000784a00000,0x0000000785500000)
 ParOldGen       total 239616K, used 22405K [0x00000006c0000000, 0x00000006cea00000, 0x000000076ab00000)
  object space 239616K, 9% used [0x00000006c0000000,0x00000006c15e1590,0x00000006cea00000)
 Metaspace       used 46830K, capacity 66860K, committed 66944K, reserved 1097728K
  class space    used 11810K, capacity 17989K, committed 18048K, reserved 1048576K
}

