# JRE version: Java(TM) SE Runtime Environment (8.0_45-b14) (build 1.8.0_45-b14)
# Java VM: Java HotSpot(TM) 64-Bit Server VM (25.45-b02 mixed mode bsd-amd64 compressed oops)
Heap:
 PSYoungGen      total 418816K, used 103838K [0x000000076ab00000, 0x0000000788000000, 0x00000007c0000000)
  eden space 403968K, 22% used [0x000000076ab00000,0x00000007704a8650,0x0000000783580000)
  from space 14848K, 81% used [0x0000000783580000,0x000000078413f4c8,0x0000000784400000)
  to   space 15872K, 0% used [0x0000000787080000,0x0000000787080000,0x0000000788000000)
 ParOldGen       total 245248K, used 28061K [0x00000006c0000000, 0x00000006cef80000, 0x000000076ab00000)
  object space 245248K, 11% used [0x00000006c0000000,0x00000006c1b67610,0x00000006cef80000)
 Metaspace       used 47718K, capacity 68440K, committed 68608K, reserved 1099776K
  class space    used 11991K, capacity 18345K, committed 18432K, reserved 1048576K
GC Heap History (10 events):
Event: 14.598 GC heap before
{Heap before GC invocations=14 (full 3):
 PSYoungGen      total 338944K, used 7966K [0x000000076ab00000, 0x0000000785100000, 0x00000007c0000000)
  eden space 328704K, 0% used [0x000000076ab00000,0x000000076ab00000,0x000000077ec00000)
  from space 10240K, 77% used [0x000000077ec00000,0x000000077f3c79f8,0x000000077f600000)
  to   space 10240K, 0% used [0x0000000784700000,0x0000000784700000,0x0000000785100000)
 ParOldGen       total 167936K, used 14930K [0x00000006c0000000, 0x00000006ca400000, 0x000000076ab00000)
  object space 167936K, 8% used [0x00000006c0000000,0x00000006c0e948e8,0x00000006ca400000)
 Metaspace       used 41900K, capacity 59054K, committed 59160K, reserved 1093632K
  class space    used 10805K, capacity 15912K, committed 16000K, reserved 1048576K
Event: 14.779 GC heap after
Heap after GC invocations=14 (full 3):
 PSYoungGen      total 338944K, used 0K [0x000000076ab00000, 0x0000000785100000, 0x00000007c0000000)
  eden space 328704K, 0% used [0x000000076ab00000,0x000000076ab00000,0x000000077ec00000)
  from space 10240K, 0% used [0x000000077ec00000,0x000000077ec00000,0x000000077f600000)
  to   space 10240K, 0% used [0x0000000784700000,0x0000000784700000,0x0000000785100000)
 ParOldGen       total 245248K, used 22445K [0x00000006c0000000, 0x00000006cef80000, 0x000000076ab00000)
  object space 245248K, 9% used [0x00000006c0000000,0x00000006c15eb610,0x00000006cef80000)
 Metaspace       used 41893K, capacity 59042K, committed 59160K, reserved 1093632K
  class space    used 10802K, capacity 15908K, committed 16000K, reserved 1048576K
}
Event: 18.498 GC heap before
{Heap before GC invocations=15 (full 3):
 PSYoungGen      total 338944K, used 328704K [0x000000076ab00000, 0x0000000785100000, 0x00000007c0000000)
  eden space 328704K, 100% used [0x000000076ab00000,0x000000077ec00000,0x000000077ec00000)
  from space 10240K, 0% used [0x000000077ec00000,0x000000077ec00000,0x000000077f600000)
  to   space 10240K, 0% used [0x0000000784700000,0x0000000784700000,0x0000000785100000)
 ParOldGen       total 245248K, used 22445K [0x00000006c0000000, 0x00000006cef80000, 0x000000076ab00000)
  object space 245248K, 9% used [0x00000006c0000000,0x00000006c15eb610,0x00000006cef80000)
 Metaspace       used 43209K, capacity 61046K, committed 61336K, reserved 1093632K
  class space    used 11002K, capacity 16308K, committed 16384K, reserved 1048576K
Event: 18.500 GC heap after
Heap after GC invocations=15 (full 3):
 PSYoungGen      total 369664K, used 1600K [0x000000076ab00000, 0x0000000784900000, 0x00000007c0000000)
  eden space 367616K, 0% used [0x000000076ab00000,0x000000076ab00000,0x0000000781200000)
  from space 2048K, 78% used [0x0000000784700000,0x0000000784890000,0x0000000784900000)
  to   space 10752K, 0% used [0x0000000783400000,0x0000000783400000,0x0000000783e80000)
 ParOldGen       total 245248K, used 22453K [0x00000006c0000000, 0x00000006cef80000, 0x000000076ab00000)
  object space 245248K, 9% used [0x00000006c0000000,0x00000006c15ed610,0x00000006cef80000)
 Metaspace       used 43209K, capacity 61046K, committed 61336K, reserved 1093632K
  class space    used 11002K, capacity 16308K, committed 16384K, reserved 1048576K
}
Event: 19.160 GC heap before
{Heap before GC invocations=16 (full 3):
 PSYoungGen      total 369664K, used 369216K [0x000000076ab00000, 0x0000000784900000, 0x00000007c0000000)
  eden space 367616K, 100% used [0x000000076ab00000,0x0000000781200000,0x0000000781200000)
  from space 2048K, 78% used [0x0000000784700000,0x0000000784890000,0x0000000784900000)
  to   space 10752K, 0% used [0x0000000783400000,0x0000000783400000,0x0000000783e80000)
 ParOldGen       total 245248K, used 22453K [0x00000006c0000000, 0x00000006cef80000, 0x000000076ab00000)
  object space 245248K, 9% used [0x00000006c0000000,0x00000006c15ed610,0x00000006cef80000)
 Metaspace       used 44537K, capacity 62940K, committed 63104K, reserved 1095680K
  class space    used 11188K, capacity 16718K, committed 16768K, reserved 1048576K
Event: 19.162 GC heap after
Heap after GC invocations=16 (full 3):
 PSYoungGen      total 413184K, used 1088K [0x000000076ab00000, 0x0000000784f00000, 0x00000007c0000000)
  eden space 402432K, 0% used [0x000000076ab00000,0x000000076ab00000,0x0000000783400000)
  from space 10752K, 10% used [0x0000000783400000,0x0000000783510000,0x0000000783e80000)
  to   space 11264K, 0% used [0x0000000784400000,0x0000000784400000,0x0000000784f00000)
 ParOldGen       total 245248K, used 22453K [0x00000006c0000000, 0x00000006cef80000, 0x000000076ab00000)
  object space 245248K, 9% used [0x00000006c0000000,0x00000006c15ed610,0x00000006cef80000)
 Metaspace       used 44537K, capacity 62940K, committed 63104K, reserved 1095680K
  class space    used 11188K, capacity 16718K, committed 16768K, reserved 1048576K
}
Event: 20.103 GC heap before
{Heap before GC invocations=17 (full 3):
 PSYoungGen      total 413184K, used 403520K [0x000000076ab00000, 0x0000000784f00000, 0x00000007c0000000)
  eden space 402432K, 100% used [0x000000076ab00000,0x0000000783400000,0x0000000783400000)
  from space 10752K, 10% used [0x0000000783400000,0x0000000783510000,0x0000000783e80000)
  to   space 11264K, 0% used [0x0000000784400000,0x0000000784400000,0x0000000784f00000)
 ParOldGen       total 245248K, used 22453K [0x00000006c0000000, 0x00000006cef80000, 0x000000076ab00000)
  object space 245248K, 9% used [0x00000006c0000000,0x00000006c15ed610,0x00000006cef80000)
 Metaspace       used 45806K, capacity 65106K, committed 65280K, reserved 1097728K
  class space    used 11433K, capacity 17335K, committed 17408K, reserved 1048576K
Event: 20.113 GC heap after
Heap after GC invocations=17 (full 3):
 PSYoungGen      total 415232K, used 11255K [0x000000076ab00000, 0x0000000788400000, 0x00000007c0000000)
  eden space 403968K, 0% used [0x000000076ab00000,0x000000076ab00000,0x0000000783580000)
  from space 11264K, 99% used [0x0000000784400000,0x0000000784efdf38,0x0000000784f00000)
  to   space 14848K, 0% used [0x0000000783580000,0x0000000783580000,0x0000000784400000)
 ParOldGen       total 245248K, used 28053K [0x00000006c0000000, 0x00000006cef80000, 0x000000076ab00000)
  object space 245248K, 11% used [0x00000006c0000000,0x00000006c1b65610,0x00000006cef80000)
 Metaspace       used 45806K, capacity 65106K, committed 65280K, reserved 1097728K
  class space    used 11433K, capacity 17335K, committed 17408K, reserved 1048576K
}
Event: 24.649 GC heap before
{Heap before GC invocations=18 (full 3):
 PSYoungGen      total 415232K, used 415223K [0x000000076ab00000, 0x0000000788400000, 0x00000007c0000000)
  eden space 403968K, 100% used [0x000000076ab00000,0x0000000783580000,0x0000000783580000)
  from space 11264K, 99% used [0x0000000784400000,0x0000000784efdf38,0x0000000784f00000)
  to   space 14848K, 0% used [0x0000000783580000,0x0000000783580000,0x0000000784400000)
 ParOldGen       total 245248K, used 28053K [0x00000006c0000000, 0x00000006cef80000, 0x000000076ab00000)
  object space 245248K, 11% used [0x00000006c0000000,0x00000006c1b65610,0x00000006cef80000)
 Metaspace       used 47655K, capacity 68292K, committed 68608K, reserved 1099776K
  class space    used 11991K, capacity 18345K, committed 18432K, reserved 1048576K
Event: 24.656 GC heap after
Heap after GC invocations=18 (full 3):
 PSYoungGen      total 418816K, used 12029K [0x000000076ab00000, 0x0000000788000000, 0x00000007c0000000)
  eden space 403968K, 0% used [0x000000076ab00000,0x000000076ab00000,0x0000000783580000)
  from space 14848K, 81% used [0x0000000783580000,0x000000078413f4c8,0x0000000784400000)
  to   space 15872K, 0% used [0x0000000787080000,0x0000000787080000,0x0000000788000000)
 ParOldGen       total 245248K, used 28061K [0x00000006c0000000, 0x00000006cef80000, 0x000000076ab00000)
  object space 245248K, 11% used [0x00000006c0000000,0x00000006c1b67610,0x00000006cef80000)
 Metaspace       used 47655K, capacity 68292K, committed 68608K, reserved 1099776K
  class space    used 11991K, capacity 18345K, committed 18432K, reserved 1048576K
}

